/*C95*/SET SCHEMA PUBLIC
CREATE TABLE IF NOT EXISTS AL_CONFIGURATION ( PROPERTY_NAME VARCHAR(255) NOT NULL UNIQUE , PROPERTY_VALUE LONGVARCHAR ) 
CREATE TABLE IF NOT EXISTS AL_GROUPS ( GROUP_NAME VARCHAR(255) NOT NULL PRIMARY KEY , DESCRIPTION LONGVARCHAR ) 
CREATE TABLE IF NOT EXISTS AL_TABLES ( TABLE_NAME VARCHAR(255) NOT NULL PRIMARY KEY , GROUP_NAME VARCHAR(255) , DESCRIPTION LONGVARCHAR ) 
CREATE TABLE IF NOT EXISTS AL_CUSTOM_TYPE ( TABLE_NAME VARCHAR(255) , COLUMN_NAME VARCHAR(255) , TYPE VARCHAR(255) , NAME VARCHAR(255) ) 
CREATE TABLE IF NOT EXISTS AL_VIEWS ( VIEW_NAME VARCHAR(255) NOT NULL UNIQUE , VIEW_DEFINITION LONGVARCHAR , IS_VALID BOOLEAN ) 
CREATE TABLE IF NOT EXISTS AL_SELECTED_LOG_OBJECTS ( NAME VARCHAR(255) NOT NULL UNIQUE , TYPE VARCHAR(255) ) 
CREATE TABLE IF NOT EXISTS AL_DB_OBJECTS ( NAME VARCHAR(255) NOT NULL UNIQUE , TYPE VARCHAR(255) , USAGE VARCHAR(255) ) 
DISCONNECT
/*C96*/SET SCHEMA PUBLIC
DISCONNECT
/*C97*/SET SCHEMA PUBLIC
ALTER TABLE attacker_types ALTER COLUMN breach_ratio RENAME TO non_breach_ratio 
DISCONNECT
/*C98*/SET SCHEMA PUBLIC
DELETE FROM ATTACKER_TYPES WHERE AL_ID=0
INSERT INTO ATTACKER_TYPES VALUES(0,'EndUser','End-User',0.0296E0,791,0.0765E0,219)
COMMIT
DISCONNECT
/*C99*/SET SCHEMA PUBLIC
DELETE FROM ATTACKER_TYPES WHERE AL_ID=1
INSERT INTO ATTACKER_TYPES VALUES(1,'OrganizedCrime','Organized Crime',0.182E0,730,0.131E0,375)
COMMIT
DISCONNECT
/*C100*/SET SCHEMA PUBLIC
DELETE FROM ATTACKER_TYPES WHERE AL_ID=2
INSERT INTO ATTACKER_TYPES VALUES(2,'Activist','Activist',0.53E0,485,0.0308E0,88)
COMMIT
DISCONNECT
/*C101*/SET SCHEMA PUBLIC
DELETE FROM ATTACKER_TYPES WHERE AL_ID=3
INSERT INTO ATTACKER_TYPES VALUES(3,'StateAffiliated','State Affiliated',0.1051E0,272,0.00664E0,19)
COMMIT
DISCONNECT
/*C102*/SET SCHEMA PUBLIC
DELETE FROM ATTACKER_TYPES WHERE AL_ID=4
INSERT INTO ATTACKER_TYPES VALUES(4,'FormerEmployee','Former Employee',0.0469E0,77,0.0136E0,39)
COMMIT
DISCONNECT
/*C103*/SET SCHEMA PUBLIC
DELETE FROM ATTACKER_TYPES WHERE AL_ID=5
INSERT INTO ATTACKER_TYPES VALUES(5,'Customer','Customer',0.0833E0,24,0.00315E0,9)
COMMIT
DISCONNECT
/*C104*/SET SCHEMA PUBLIC
DELETE FROM ATTACKER_TYPES WHERE AL_ID=6
INSERT INTO ATTACKER_TYPES VALUES(6,'Competitor','Competitor',0.125E0,18,0.00245E0,7)
COMMIT
DISCONNECT
/*C105*/SET SCHEMA PUBLIC
DELETE FROM ATTACKER_TYPES WHERE AL_ID=0
INSERT INTO ATTACKER_TYPES VALUES(0,'EndUser','End-User',0.0296E0,709,0.0765E0,219)
COMMIT
DISCONNECT
/*C106*/SET SCHEMA PUBLIC
DELETE FROM ATTACKER_TYPES WHERE AL_ID=1
INSERT INTO ATTACKER_TYPES VALUES(1,'OrganizedCrime','Organized Crime',0.182E0,570,0.131E0,375)
COMMIT
DISCONNECT
/*C107*/SET SCHEMA PUBLIC
DELETE FROM ATTACKER_TYPES WHERE AL_ID=2
INSERT INTO ATTACKER_TYPES VALUES(2,'Activist','Activist',0.53E0,447,0.0308E0,88)
COMMIT
DISCONNECT
/*C108*/SET SCHEMA PUBLIC
DELETE FROM ATTACKER_TYPES WHERE AL_ID=3
INSERT INTO ATTACKER_TYPES VALUES(3,'StateAffiliated','State Affiliated',0.1051E0,214,0.00664E0,19)
COMMIT
DISCONNECT
/*C109*/SET SCHEMA PUBLIC
DELETE FROM ATTACKER_TYPES WHERE AL_ID=4
INSERT INTO ATTACKER_TYPES VALUES(4,'FormerEmployee','Former Employee',0.0469E0,64,0.0136E0,39)
COMMIT
DISCONNECT
/*C110*/SET SCHEMA PUBLIC
DELETE FROM ATTACKER_TYPES WHERE AL_ID=5
INSERT INTO ATTACKER_TYPES VALUES(5,'Customer','Customer',0.0833E0,43,0.00315E0,9)
COMMIT
DISCONNECT
/*C111*/SET SCHEMA PUBLIC
DELETE FROM ATTACKER_TYPES WHERE AL_ID=6
INSERT INTO ATTACKER_TYPES VALUES(6,'Competitor','Competitor',0.125E0,24,0.00245E0,7)
COMMIT
DISCONNECT
/*C112*/SET SCHEMA PUBLIC
DELETE FROM ATTACKER_TYPES WHERE AL_ID=3
INSERT INTO ATTACKER_TYPES VALUES(3,'StateAffiliated','State Affiliated',0.1051E0,257,0.00664E0,19)
COMMIT
DISCONNECT
/*C113*/SET SCHEMA PUBLIC
DELETE FROM ATTACKER_TYPES WHERE AL_ID=5
INSERT INTO ATTACKER_TYPES VALUES(5,'Customer','Customer',0.0833E0,24,0.00315E0,9)
COMMIT
DISCONNECT
/*C114*/SET SCHEMA PUBLIC
DELETE FROM ATTACKER_TYPES WHERE AL_ID=6
INSERT INTO ATTACKER_TYPES VALUES(6,'Competitor','Competitor',0.125E0,16,0.00245E0,7)
COMMIT
DISCONNECT
/*C115*/SET SCHEMA PUBLIC
ALTER TABLE attacker_types ALTER COLUMN breach_n RENAME TO non_breach_n 
DISCONNECT
/*C117*/SET SCHEMA PUBLIC
DISCONNECT
/*C118*/SET SCHEMA PUBLIC
DISCONNECT
/*C119*/SET SCHEMA PUBLIC
DISCONNECT
/*C120*/SET SCHEMA PUBLIC
DISCONNECT
/*C121*/SET SCHEMA PUBLIC
DISCONNECT
/*C122*/SET SCHEMA PUBLIC
DISCONNECT
/*C123*/SET SCHEMA PUBLIC
DISCONNECT
/*C124*/SET SCHEMA PUBLIC
DISCONNECT
/*C125*/SET SCHEMA PUBLIC
DISCONNECT
/*C126*/SET SCHEMA PUBLIC
DISCONNECT
/*C127*/SET SCHEMA PUBLIC
DISCONNECT
/*C128*/SET SCHEMA PUBLIC
DISCONNECT
/*C129*/SET SCHEMA PUBLIC
DISCONNECT
/*C130*/SET SCHEMA PUBLIC
DISCONNECT
/*C131*/SET SCHEMA PUBLIC
DISCONNECT
/*C132*/SET SCHEMA PUBLIC
DISCONNECT
/*C116*/SET SCHEMA PUBLIC
DISCONNECT
/*C133*/SET SCHEMA PUBLIC
DISCONNECT
/*C134*/SET SCHEMA PUBLIC
DISCONNECT
/*C136*/SET SCHEMA PUBLIC
DISCONNECT
/*C135*/SET SCHEMA PUBLIC
DISCONNECT
/*C138*/SET SCHEMA PUBLIC
DISCONNECT
/*C137*/SET SCHEMA PUBLIC
DISCONNECT
/*C140*/SET SCHEMA PUBLIC
DISCONNECT
/*C139*/SET SCHEMA PUBLIC
DISCONNECT
/*C142*/SET SCHEMA PUBLIC
DISCONNECT
/*C141*/SET SCHEMA PUBLIC
DISCONNECT
/*C144*/SET SCHEMA PUBLIC
DISCONNECT
/*C143*/SET SCHEMA PUBLIC
DISCONNECT
/*C145*/SET SCHEMA PUBLIC
DISCONNECT
/*C146*/SET SCHEMA PUBLIC
DISCONNECT
/*C148*/SET SCHEMA PUBLIC
DISCONNECT
/*C149*/SET SCHEMA PUBLIC
DISCONNECT
/*C147*/SET SCHEMA PUBLIC
DISCONNECT
/*C150*/SET SCHEMA PUBLIC
DISCONNECT
/*C151*/SET SCHEMA PUBLIC
DISCONNECT
/*C153*/SET SCHEMA PUBLIC
DISCONNECT
/*C152*/SET SCHEMA PUBLIC
DISCONNECT
/*C155*/SET SCHEMA PUBLIC
DISCONNECT
/*C154*/SET SCHEMA PUBLIC
DISCONNECT
/*C157*/SET SCHEMA PUBLIC
DISCONNECT
/*C156*/SET SCHEMA PUBLIC
DISCONNECT
/*C159*/SET SCHEMA PUBLIC
DISCONNECT
/*C158*/SET SCHEMA PUBLIC
DISCONNECT
/*C160*/SET SCHEMA PUBLIC
DISCONNECT
/*C161*/SET SCHEMA PUBLIC
DISCONNECT
/*C162*/SET SCHEMA PUBLIC
DISCONNECT
/*C163*/SET SCHEMA PUBLIC
DISCONNECT
/*C164*/SET SCHEMA PUBLIC
DISCONNECT
/*C165*/SET SCHEMA PUBLIC
DISCONNECT
/*C166*/SET SCHEMA PUBLIC
DISCONNECT
/*C168*/SET SCHEMA PUBLIC
DISCONNECT
/*C167*/SET SCHEMA PUBLIC
DISCONNECT
/*C170*/SET SCHEMA PUBLIC
DISCONNECT
/*C171*/SET SCHEMA PUBLIC
DISCONNECT
/*C169*/SET SCHEMA PUBLIC
DISCONNECT
/*C173*/SET SCHEMA PUBLIC
DISCONNECT
/*C174*/SET SCHEMA PUBLIC
DISCONNECT
/*C172*/SET SCHEMA PUBLIC
DISCONNECT
/*C176*/SET SCHEMA PUBLIC
DISCONNECT
/*C175*/SET SCHEMA PUBLIC
DISCONNECT
/*C178*/SET SCHEMA PUBLIC
DISCONNECT
/*C177*/SET SCHEMA PUBLIC
DISCONNECT
/*C180*/SET SCHEMA PUBLIC
DISCONNECT
/*C179*/SET SCHEMA PUBLIC
DISCONNECT
/*C182*/SET SCHEMA PUBLIC
DISCONNECT
/*C181*/SET SCHEMA PUBLIC
DISCONNECT
/*C183*/SET SCHEMA PUBLIC
DISCONNECT
/*C184*/SET SCHEMA PUBLIC
DISCONNECT
/*C185*/SET SCHEMA PUBLIC
DISCONNECT
/*C187*/SET SCHEMA PUBLIC
DISCONNECT
/*C188*/SET SCHEMA PUBLIC
DISCONNECT
