/*C3*/SET SCHEMA PUBLIC
CREATE TABLE IF NOT EXISTS AL_CONFIGURATION ( PROPERTY_NAME VARCHAR(255) NOT NULL UNIQUE , PROPERTY_VALUE LONGVARCHAR ) 
CREATE TABLE IF NOT EXISTS AL_GROUPS ( GROUP_NAME VARCHAR(255) NOT NULL PRIMARY KEY , DESCRIPTION LONGVARCHAR ) 
CREATE TABLE IF NOT EXISTS AL_TABLES ( TABLE_NAME VARCHAR(255) NOT NULL PRIMARY KEY , GROUP_NAME VARCHAR(255) , DESCRIPTION LONGVARCHAR ) 
CREATE TABLE IF NOT EXISTS AL_CUSTOM_TYPE ( TABLE_NAME VARCHAR(255) , COLUMN_NAME VARCHAR(255) , TYPE VARCHAR(255) , NAME VARCHAR(255) ) 
CREATE TABLE IF NOT EXISTS AL_VIEWS ( VIEW_NAME VARCHAR(255) NOT NULL UNIQUE , VIEW_DEFINITION LONGVARCHAR , IS_VALID BOOLEAN ) 
CREATE TABLE IF NOT EXISTS AL_SELECTED_LOG_OBJECTS ( NAME VARCHAR(255) NOT NULL UNIQUE , TYPE VARCHAR(255) ) 
CREATE TABLE IF NOT EXISTS AL_DB_OBJECTS ( NAME VARCHAR(255) NOT NULL UNIQUE , TYPE VARCHAR(255) , USAGE VARCHAR(255) ) 
/*C4*/SET SCHEMA PUBLIC
DELETE FROM SHEET1 WHERE AL_ID=255
DELETE FROM SHEET1 WHERE AL_ID=256
DELETE FROM SHEET1 WHERE AL_ID=257
DELETE FROM SHEET1 WHERE AL_ID=258
DELETE FROM SHEET1 WHERE AL_ID=259
INSERT INTO SHEET1 VALUES(260,'OrganizedCrime','Organized Crime',0.182E0,570,0.131E0,375)
INSERT INTO SHEET1 VALUES(261,'Activist','Activist',0.53E0,447,0.0308E0,88)
INSERT INTO SHEET1 VALUES(262,'StateAffiliated','State Affiliated',0.1051E0,257,0.00664E0,19)
INSERT INTO SHEET1 VALUES(263,'FormerEmployee','Former Employee',0.0469E0,64,0.0136E0,39)
INSERT INTO SHEET1 VALUES(264,'Competitor','Competitor',0.125E0,16,0.00245E0,7)
COMMIT
DISCONNECT
/*C5*/SET SCHEMA PUBLIC
DELETE FROM SHEET1 WHERE AL_ID=260
DELETE FROM SHEET1 WHERE AL_ID=261
DELETE FROM SHEET1 WHERE AL_ID=262
DELETE FROM SHEET1 WHERE AL_ID=263
DELETE FROM SHEET1 WHERE AL_ID=264
INSERT INTO SHEET1 VALUES(265,'OrganizedCrime','Organized Crime',0.182E0,570,0.131E0,375)
INSERT INTO SHEET1 VALUES(266,'Activist','Activist',0.53E0,447,0.0308E0,88)
INSERT INTO SHEET1 VALUES(267,'StateAffiliated','State Affiliated',0.1051E0,257,0.00664E0,19)
INSERT INTO SHEET1 VALUES(268,'FormerEmployee','Former Employee',0.0469E0,64,0.0136E0,39)
INSERT INTO SHEET1 VALUES(269,'Competitor','Competitor',0.125E0,16,0.00245E0,7)
COMMIT
DISCONNECT
/*C6*/SET SCHEMA PUBLIC
DELETE FROM SHEET1 WHERE AL_ID=265
DELETE FROM SHEET1 WHERE AL_ID=266
DELETE FROM SHEET1 WHERE AL_ID=267
DELETE FROM SHEET1 WHERE AL_ID=268
DELETE FROM SHEET1 WHERE AL_ID=269
INSERT INTO SHEET1 VALUES(270,'OrganizedCrime','Organized Crime',0.182E0,570,0.131E0,375)
INSERT INTO SHEET1 VALUES(271,'Activist','Activist',0.53E0,447,0.0308E0,88)
INSERT INTO SHEET1 VALUES(272,'StateAffiliated','State Affiliated',0.1051E0,257,0.00664E0,19)
INSERT INTO SHEET1 VALUES(273,'FormerEmployee','Former Employee',0.0469E0,64,0.0136E0,39)
INSERT INTO SHEET1 VALUES(274,'Competitor','Competitor',0.125E0,16,0.00245E0,7)
COMMIT
DISCONNECT
/*C7*/SET SCHEMA PUBLIC
DELETE FROM SHEET1 WHERE AL_ID=270
DELETE FROM SHEET1 WHERE AL_ID=271
DELETE FROM SHEET1 WHERE AL_ID=272
DELETE FROM SHEET1 WHERE AL_ID=273
DELETE FROM SHEET1 WHERE AL_ID=274
INSERT INTO SHEET1 VALUES(275,'OrganizedCrime','Organized Crime',0.182E0,570,0.131E0,375)
INSERT INTO SHEET1 VALUES(276,'Activist','Activist',0.53E0,447,0.0308E0,88)
INSERT INTO SHEET1 VALUES(277,'StateAffiliated','State Affiliated',0.1051E0,257,0.00664E0,19)
INSERT INTO SHEET1 VALUES(278,'FormerEmployee','Former Employee',0.0469E0,64,0.0136E0,39)
INSERT INTO SHEET1 VALUES(279,'Competitor','Competitor',0.125E0,16,0.00245E0,7)
COMMIT
DISCONNECT
/*C8*/SET SCHEMA PUBLIC
DELETE FROM SHEET1 WHERE AL_ID=275
DELETE FROM SHEET1 WHERE AL_ID=276
DELETE FROM SHEET1 WHERE AL_ID=277
DELETE FROM SHEET1 WHERE AL_ID=278
DELETE FROM SHEET1 WHERE AL_ID=279
INSERT INTO SHEET1 VALUES(280,'OrganizedCrime','Organized Crime',0.182E0,570,0.131E0,375)
INSERT INTO SHEET1 VALUES(281,'Activist','Activist',0.53E0,447,0.0308E0,88)
INSERT INTO SHEET1 VALUES(282,'StateAffiliated','State Affiliated',0.1051E0,257,0.00664E0,19)
INSERT INTO SHEET1 VALUES(283,'FormerEmployee','Former Employee',0.0469E0,64,0.0136E0,39)
INSERT INTO SHEET1 VALUES(284,'Competitor','Competitor',0.125E0,16,0.00245E0,7)
COMMIT
DISCONNECT
/*C3*/DISCONNECT
